<?xml version="1.0" encoding="UTF-8"?>
<!-- Generated by org.testng.reporters.JUnitReportReporter -->
<testsuite skipped="0" hostname="MacBook-Pro-mac" name="spontivlytests.OnboardingTest" tests="3" failures="0" timestamp="2020-02-21T11:55:34 EET" time="38.040" errors="0">
  <testcase name="OnboardingTest1" time="5.457" classname="spontivlytests.OnboardingTest"/>
  <testcase name="OnboardingTest3" time="24.199" classname="spontivlytests.OnboardingTest"/>
  <testcase name="OnboardingTest2" time="8.384" classname="spontivlytests.OnboardingTest"/>
</testsuite> <!-- spontivlytests.OnboardingTest -->
